[21:28:59] [ServerMain/INFO]: Environment: authHost='https://authserver.mojang.com', accountsHost='https://api.mojang.com', sessionHost='https://sessionserver.mojang.com', servicesHost='https://api.minecraftservices.com', name='PROD'
[21:29:00] [ServerMain/INFO]: Loaded 7 recipes
[21:29:00] [ServerMain/INFO]: Loaded 1271 advancements
[21:29:01] [Server thread/INFO]: Starting minecraft server version 1.20.1
[21:29:01] [Server thread/INFO]: Loading properties
[21:29:01] [Server thread/INFO]: Default game type: SURVIVAL
[21:29:01] [Server thread/INFO]: Generating keypair
[21:29:01] [Server thread/INFO]: Starting Minecraft server on *:25565
[21:29:01] [Server thread/INFO]: Using epoll channel type
[21:29:01] [Server thread/WARN]: **** SERVER IS RUNNING IN OFFLINE/INSECURE MODE!
[21:29:01] [Server thread/WARN]: The server will make no attempt to authenticate usernames. Beware.
[21:29:01] [Server thread/WARN]: While this makes the game possible to play without internet access, it also opens up the ability for hackers to connect with any username they choose.
[21:29:01] [Server thread/WARN]: To change this, set "online-mode" to "true" in the server.properties file.
[21:29:01] [Server thread/INFO]: Preparing level "world"
[21:29:03] [Server thread/INFO]: Preparing start region for dimension minecraft:overworld
[21:29:06] [Worker-Main-3/INFO]: Preparing spawn area: 0%
[21:29:06] [Worker-Main-2/INFO]: Preparing spawn area: 0%
[21:29:06] [Worker-Main-3/INFO]: Preparing spawn area: 0%
[21:29:06] [Worker-Main-2/INFO]: Preparing spawn area: 0%
[21:29:06] [Worker-Main-1/INFO]: Preparing spawn area: 0%
[21:29:06] [Worker-Main-3/INFO]: Preparing spawn area: 0%
[21:29:06] [Worker-Main-3/INFO]: Preparing spawn area: 0%
[21:29:07] [Worker-Main-3/INFO]: Preparing spawn area: 8%
[21:29:07] [Server thread/INFO]: Time elapsed: 3985 ms
[21:29:07] [Server thread/INFO]: Done (6.187s)! For help, type "help"
[21:29:14] [Server thread/INFO]: chuyen12[/[0:0:0:0:0:0:0:1%0]:34680] logged in with entity id 203 at (-188.15797669350025, 62.073264324665075, -23.742518892377234)
[21:29:14] [Server thread/INFO]: chuyen12 joined the game
[21:31:49] [Server thread/INFO]: chuyen12 lost connection: Disconnected
[21:31:49] [Server thread/INFO]: chuyen12 left the game
[21:32:48] [Server thread/INFO]: chuyen1[/[0:0:0:0:0:0:0:1%0]:49606] logged in with entity id 1388 at (0.5, 67.0, 0.5)
[21:32:48] [Server thread/INFO]: chuyen1 joined the game
[21:33:03] [Server thread/INFO]: chuyen1 lost connection: Disconnected
[21:33:03] [Server thread/INFO]: chuyen1 left the game
